[OnewSessionManager] 작업 인덱스 갱신 완료
[OnewSessionManager] 에이전트 초기화 중...
[OnewAgentV2] Vault 서버 연결 (17개 도구)
[OnewAgentV2] Study 서버 연결 (1개 도구)
[OnewAgentV2] System 서버 연결 (23개 도구)
[OnewAgentV2] Skills 서버 연결 (4개 도구)
[OnewAgentV2] Vault 서버 연결 (17개 도구)
[OnewAgentV2] Study 서버 연결 (1개 도구)
[OnewAgentV2] System 서버 연결 (23개 도구)
[OnewAgentV2] Skills 서버 연결 (4개 도구)
[OnewAgentV2] 에이전트 재빌드 완료

🌟 온유 v2 가동 완료. 🔓 모드: home
⏳ 공조냉동 실기 D-19
💬 무엇이든 명령하십시오.
   💡 '시크릿 on/off' | '저장' | '끄기' | 레거시: python obsidian_agent.py --legacy

💬 용준 님: 
온유(Onew) 🔍 처리 중...
  [Single-Shot]
==================================================
💡 온유:
네, 간결하게 정리되었습니다.

==================================================
💬 용준 님: 